{
  "stats": {
    "suites": 1,
    "tests": 9,
    "passes": 9,
    "pending": 0,
    "failures": 0,
    "start": "2022-12-07T06:10:07.840Z",
    "end": "2022-12-07T06:10:18.647Z",
    "duration": 10807,
    "testsRegistered": 9,
    "passPercent": 100,
    "pendingPercent": 0,
    "other": 0,
    "hasOther": false,
    "skipped": 0,
    "hasSkipped": false
  },
  "results": [
    {
      "uuid": "9ae98a16-9fca-4b19-b745-380ecf3aaca0",
      "title": "",
      "fullFile": "/Users/herdianchandra/Documents/SanberCode/Github/SanberCode/API_Automation_MochaChai/API/Test/RestfulBooker.js",
      "file": "/API/Test/RestfulBooker.js",
      "beforeHooks": [],
      "afterHooks": [],
      "tests": [],
      "suites": [
        {
          "uuid": "7c392cd1-5764-4aeb-b0a3-b4f19f30fedb",
          "title": "Restful booker API Test",
          "fullFile": "/Users/herdianchandra/Documents/SanberCode/Github/SanberCode/API_Automation_MochaChai/API/Test/RestfulBooker.js",
          "file": "/API/Test/RestfulBooker.js",
          "beforeHooks": [],
          "afterHooks": [],
          "tests": [
            {
              "title": "Get Token Successfully",
              "fullTitle": "Restful booker API Test Get Token Successfully",
              "timedOut": false,
              "duration": 1320,
              "state": "passed",
              "speed": "slow",
              "pass": true,
              "fail": false,
              "pending": false,
              "context": null,
              "code": "const response = await request\n.post(\"/auth\")\n.send({\n    \"username\" : \"admin\",\n    \"password\" : \"password123\"\n});\nexpect(response.status).to.be.eql(200);\nexpect(response.body.token).not.to.be.null;\ntoken = response.body.token;",
              "err": {},
              "uuid": "c1b7f53c-008b-4e1a-b186-cc03340028c6",
              "parentUUID": "7c392cd1-5764-4aeb-b0a3-b4f19f30fedb",
              "isHook": false,
              "skipped": false
            },
            {
              "title": "Get Token Without Username",
              "fullTitle": "Restful booker API Test Get Token Without Username",
              "timedOut": false,
              "duration": 1220,
              "state": "passed",
              "speed": "slow",
              "pass": true,
              "fail": false,
              "pending": false,
              "context": null,
              "code": "const response = await request\n.post(\"/auth\")\n.send({\n    \"username\" : \"\",\n    \"password\" : \"password123\"\n});\nexpect(response.status).to.be.eql(200);\nexpect(response.body.reason).to.be.eql(\"Bad credentials\");",
              "err": {},
              "uuid": "1c9cd770-21ac-42a3-bc68-4b288d67569d",
              "parentUUID": "7c392cd1-5764-4aeb-b0a3-b4f19f30fedb",
              "isHook": false,
              "skipped": false
            },
            {
              "title": "Get Token Without Password",
              "fullTitle": "Restful booker API Test Get Token Without Password",
              "timedOut": false,
              "duration": 1059,
              "state": "passed",
              "speed": "slow",
              "pass": true,
              "fail": false,
              "pending": false,
              "context": null,
              "code": "const response = await request\n.post(\"/auth\")\n.send({\n    \"username\" : \"admin\",\n    \"password\" : \"\"\n});\nexpect(response.status).to.be.eql(200);\nexpect(response.body.reason).to.be.eql(\"Bad credentials\");",
              "err": {},
              "uuid": "5b20bc8f-23a8-49bf-aa61-ed3969503d56",
              "parentUUID": "7c392cd1-5764-4aeb-b0a3-b4f19f30fedb",
              "isHook": false,
              "skipped": false
            },
            {
              "title": "Create Booking Successfully",
              "fullTitle": "Restful booker API Test Create Booking Successfully",
              "timedOut": false,
              "duration": 1018,
              "state": "passed",
              "speed": "slow",
              "pass": true,
              "fail": false,
              "pending": false,
              "context": null,
              "code": "const response = await request\n.post(\"/booking\")\n.set(\"Accept\", \"application/json\")\n.set(\"Content-Type\", \"application/json\")\n.send({\n    \"firstname\" : \"Joy\",\n    \"lastname\" : \"Jordison\",\n    \"totalprice\" : 555,\n    \"depositpaid\" : true,\n    \"bookingdates\" : {\n        \"checkin\" : \"2018-01-01\",\n        \"checkout\" : \"2019-01-01\"\n    },\n    \"additionalneeds\" : \"Lunch\"\n});\nexpect(response.status).to.be.eql(200);\nexpect(response.body.bookingid).not.to.be.null;\nbookingId = response.body.bookingid;",
              "err": {},
              "uuid": "8d2e93ba-58b2-4eca-8b95-297a156df4a8",
              "parentUUID": "7c392cd1-5764-4aeb-b0a3-b4f19f30fedb",
              "isHook": false,
              "skipped": false
            },
            {
              "title": "Get Booking ID Successfully",
              "fullTitle": "Restful booker API Test Get Booking ID Successfully",
              "timedOut": false,
              "duration": 1092,
              "state": "passed",
              "speed": "slow",
              "pass": true,
              "fail": false,
              "pending": false,
              "context": null,
              "code": "const response = await request\n.get(\"/booking/\" + bookingId)\n.set(\"Accept\", \"application/json\")\n.set(\"Content-Type\", \"application/json\")\n    \nexpect(response.status).to.be.eql(200);",
              "err": {},
              "uuid": "d5b66f93-7872-465b-8089-aad61c6e0de8",
              "parentUUID": "7c392cd1-5764-4aeb-b0a3-b4f19f30fedb",
              "isHook": false,
              "skipped": false
            },
            {
              "title": "Update Booking Successfully",
              "fullTitle": "Restful booker API Test Update Booking Successfully",
              "timedOut": false,
              "duration": 1261,
              "state": "passed",
              "speed": "slow",
              "pass": true,
              "fail": false,
              "pending": false,
              "context": null,
              "code": "const response = await request\n.put(\"/booking/\" + bookingId)\n.set(\"Accept\", \"application/json\")\n.set(\"Content-Type\", \"application/json\")\n.set(\"Cookie\", \"token=\" + token)\n.send({\n    \"firstname\" : \"Sanber\",\n    \"lastname\" : \"Code\",\n    \"totalprice\" : 111555,\n    \"depositpaid\" : true,\n    \"bookingdates\" : {\n        \"checkin\" : \"2018-01-01\",\n        \"checkout\" : \"2019-01-01\"\n    },\n    \"additionalneeds\" : \"Breakfast\"\n})\nexpect(response.status).to.be.eql(200);\nexpect(response.body.firstname).to.be.eql(\"Sanber\");\nexpect(response.body.lastname).to.be.eql(\"Code\");\nexpect(response.body.additionalneeds).to.be.eql(\"Breakfast\");",
              "err": {},
              "uuid": "f61c5d63-a698-4dd6-b458-48b08eed89cb",
              "parentUUID": "7c392cd1-5764-4aeb-b0a3-b4f19f30fedb",
              "isHook": false,
              "skipped": false
            },
            {
              "title": "Update Booking Wihtout BookingID",
              "fullTitle": "Restful booker API Test Update Booking Wihtout BookingID",
              "timedOut": false,
              "duration": 1092,
              "state": "passed",
              "speed": "slow",
              "pass": true,
              "fail": false,
              "pending": false,
              "context": null,
              "code": "const response = await request\n.put(\"/booking/\")\n.set(\"Accept\", \"application/json\")\n.set(\"Content-Type\", \"application/json\")\n.set(\"Cookie\", \"token=\" + token)\n.send({\n    \"firstname\" : \"Sanber\",\n    \"lastname\" : \"Code\",\n    \"totalprice\" : 111555,\n    \"depositpaid\" : true,\n    \"bookingdates\" : {\n        \"checkin\" : \"2018-01-01\",\n        \"checkout\" : \"2019-01-01\"\n    },\n    \"additionalneeds\" : \"Breakfast\"\n})\nexpect(response.status).to.be.eql(404);",
              "err": {},
              "uuid": "a9a0017d-93f8-4002-ba75-627890c1f121",
              "parentUUID": "7c392cd1-5764-4aeb-b0a3-b4f19f30fedb",
              "isHook": false,
              "skipped": false
            },
            {
              "title": "Delete Booking Successfully",
              "fullTitle": "Restful booker API Test Delete Booking Successfully",
              "timedOut": false,
              "duration": 1275,
              "state": "passed",
              "speed": "slow",
              "pass": true,
              "fail": false,
              "pending": false,
              "context": null,
              "code": "const response = await request\n.delete(\"/booking/\" + bookingId)\n.set(\"Accept\", \"application/json\")\n.set(\"Content-Type\", \"application/json\")\n.set(\"Cookie\", \"token=\" + token)\nexpect(response.status).to.be.eql(201);",
              "err": {},
              "uuid": "4187c62f-47c6-4ad7-81b7-360edd42e99c",
              "parentUUID": "7c392cd1-5764-4aeb-b0a3-b4f19f30fedb",
              "isHook": false,
              "skipped": false
            },
            {
              "title": "Should be show 404 for deleted BookingId",
              "fullTitle": "Restful booker API Test Should be show 404 for deleted BookingId",
              "timedOut": false,
              "duration": 1448,
              "state": "passed",
              "speed": "slow",
              "pass": true,
              "fail": false,
              "pending": false,
              "context": null,
              "code": "const response = await request\n.get(\"/booking/\" + bookingId)\n.set(\"Accept\", \"application/json\")\n.set(\"Content-Type\", \"application/json\")\n.set(\"Cookie\", \"token=\" + token)\nexpect(response.status).to.be.eql(404);",
              "err": {},
              "uuid": "3298931a-ece8-428b-8d75-2bcfb025c7c0",
              "parentUUID": "7c392cd1-5764-4aeb-b0a3-b4f19f30fedb",
              "isHook": false,
              "skipped": false
            }
          ],
          "suites": [],
          "passes": [
            "c1b7f53c-008b-4e1a-b186-cc03340028c6",
            "1c9cd770-21ac-42a3-bc68-4b288d67569d",
            "5b20bc8f-23a8-49bf-aa61-ed3969503d56",
            "8d2e93ba-58b2-4eca-8b95-297a156df4a8",
            "d5b66f93-7872-465b-8089-aad61c6e0de8",
            "f61c5d63-a698-4dd6-b458-48b08eed89cb",
            "a9a0017d-93f8-4002-ba75-627890c1f121",
            "4187c62f-47c6-4ad7-81b7-360edd42e99c",
            "3298931a-ece8-428b-8d75-2bcfb025c7c0"
          ],
          "failures": [],
          "pending": [],
          "skipped": [],
          "duration": 10785,
          "root": false,
          "rootEmpty": false,
          "_timeout": 2000
        }
      ],
      "passes": [],
      "failures": [],
      "pending": [],
      "skipped": [],
      "duration": 0,
      "root": true,
      "rootEmpty": true,
      "_timeout": 2000
    }
  ],
  "meta": {
    "mocha": {
      "version": "10.1.0"
    },
    "mochawesome": {
      "options": {
        "quiet": false,
        "reportFilename": "mochawesome",
        "saveHtml": true,
        "saveJson": true,
        "consoleReporter": "spec",
        "useInlineDiffs": false,
        "code": true
      },
      "version": "7.1.3"
    },
    "marge": {
      "options": null,
      "version": "6.2.0"
    }
  }
}